Using pre-set license
Built from '2020.2/release' branch; Version is '2020.2.0f1 (3721df5a8b28) revision 3613151'; Using compiler version '192528614'; Build Type 'Release'
OS: 'Windows 10  (10.0.0) 64bit' Language: 'en' Physical Memory: 65460 MB
BatchMode: 1, IsHumanControllingUs: 0, StartBugReporterOnCrash: 0, Is64bit: 1, IsPro: 0

 COMMAND LINE ARGUMENTS:
C:\Program Files\Unity\Hub\Editor\2020.2.0f1\Editor\Unity.exe
-adb2
-batchMode
-noUpm
-name
AssetImportWorker0
-projectPath
C:/Users/nikod/Documents/GitHub/limnal3D/liminal3D
-logFile
Logs/AssetImportWorker0.log
-srvPort
56865
Successfully changed project path to: C:/Users/nikod/Documents/GitHub/limnal3D/liminal3D
C:/Users/nikod/Documents/GitHub/limnal3D/liminal3D
Using Asset Import Pipeline V2.
Refreshing native plugins compatible for Editor in 77.80 ms, found 0 plugins.
Preloading 0 native plugins for Editor in 0.00 ms.
Initialize engine version: 2020.2.0f1 (3721df5a8b28)
[Subsystems] Discovering subsystems at path C:/Program Files/Unity/Hub/Editor/2020.2.0f1/Editor/Data/Resources/UnitySubsystems
[Subsystems] Discovering subsystems at path C:/Users/nikod/Documents/GitHub/limnal3D/liminal3D/Assets
GfxDevice: creating device client; threaded=0
Direct3D:
    Version:  Direct3D 11.0 [level 11.1]
    Renderer: NVIDIA GeForce RTX 2080 Ti (ID=0x1e07)
    Vendor:   
    VRAM:     11048 MB
    Driver:   27.21.14.6172
Shader 'Universal Render Pipeline/Particles/Lit': fallback shader 'Universal Render Pipeline/Particles/SimpleLit' not found
Initialize mono
Mono path[0] = 'C:/Program Files/Unity/Hub/Editor/2020.2.0f1/Editor/Data/Managed'
Mono path[1] = 'C:/Program Files/Unity/Hub/Editor/2020.2.0f1/Editor/Data/MonoBleedingEdge/lib/mono/unityjit'
Mono config path = 'C:/Program Files/Unity/Hub/Editor/2020.2.0f1/Editor/Data/MonoBleedingEdge/etc'
Using monoOptions --debugger-agent=transport=dt_socket,embedding=1,server=y,suspend=n,address=127.0.0.1:56044
Begin MonoManager ReloadAssembly
Registering precompiled unity dll's ...
Register platform support module: C:/Program Files/Unity/Hub/Editor/2020.2.0f1/Editor/Data/PlaybackEngines/WebGLSupport/UnityEditor.WebGL.Extensions.dll
Register platform support module: C:/Program Files/Unity/Hub/Editor/2020.2.0f1/Editor/Data/PlaybackEngines/MacStandaloneSupport/UnityEditor.OSXStandalone.Extensions.dll
Register platform support module: C:/Program Files/Unity/Hub/Editor/2020.2.0f1/Editor/Data/PlaybackEngines/WindowsStandaloneSupport/UnityEditor.WindowsStandalone.Extensions.dll
Register platform support module: C:/Program Files/Unity/Hub/Editor/2020.2.0f1/Editor/Data/PlaybackEngines/LinuxStandaloneSupport/UnityEditor.LinuxStandalone.Extensions.dll
Registered in 0.002725 seconds.
Native extension for LinuxStandalone target not found
Native extension for WindowsStandalone target not found
Native extension for OSXStandalone target not found
Native extension for WebGL target not found
Refreshing native plugins compatible for Editor in 58.35 ms, found 0 plugins.
Preloading 0 native plugins for Editor in 0.00 ms.
Invoked RoslynAnalysisRunner static constructor.
RoslynAnalysisRunner will not be running.
RoslynAnalysisRunner has terminated.
Mono: successfully reloaded assembly
- Completed reload, in  1.863 seconds
Platform modules already initialized, skipping
Registering precompiled user dll's ...
Registered in 0.005580 seconds.
Begin MonoManager ReloadAssembly
Native extension for LinuxStandalone target not found
Native extension for WindowsStandalone target not found
Native extension for OSXStandalone target not found
Native extension for WebGL target not found
Refreshing native plugins compatible for Editor in 62.15 ms, found 0 plugins.
Preloading 0 native plugins for Editor in 0.00 ms.
Invoked RoslynAnalysisRunner static constructor.
RoslynAnalysisRunner will not be running.
RoslynAnalysisRunner has terminated.
Find all reader and writers took 80 milliseconds
Script Module: UnityEngine.UI.dll
Weave behaviours and messages took74 milliseconds
Find all reader and writers took 75 milliseconds
Script Module: VolumetricAudio.dll
Weave behaviours and messages took17 milliseconds
Find all reader and writers took 61 milliseconds
Script Module: Unity.RenderPipelines.Core.Runtime.dll
Weave behaviours and messages took52 milliseconds
Find all reader and writers took 88 milliseconds
Script Module: UnityEngine.TestRunner.dll
Weave behaviours and messages took27 milliseconds
Find all reader and writers took 58 milliseconds
Script Module: Unity.Mathematics.dll
Weave behaviours and messages took170 milliseconds
Find all reader and writers took 57 milliseconds
Script Module: SimpleWebTransport.dll
Weave behaviours and messages took5 milliseconds
Find all reader and writers took 72 milliseconds
Script Module: Assembly-CSharp.dll
[PlayerMovement_backup] NetworkBehaviourProcessor
[MouseLook] NetworkBehaviourProcessor
[Player] NetworkBehaviourProcessor
[PlayerMovement] NetworkBehaviourProcessor
[gumballProjectile] NetworkBehaviourProcessor
Weave behaviours and messages took39 milliseconds
  ProcessSitesModule Assembly-CSharp.dll elapsed time:00:00:00.0110005
Find all reader and writers took 61 milliseconds
Script Module: Mirror.Examples.dll
[Projectile] NetworkBehaviourProcessor
[Tank] NetworkBehaviourProcessor
[NetworkRoomPlayer] NetworkBehaviourProcessor
[NetworkRoomPlayerExt] NetworkBehaviourProcessor
[PlayerController] NetworkBehaviourProcessor
[PlayerScore] NetworkBehaviourProcessor
[RandomColor] NetworkBehaviourProcessor
[Reward] NetworkBehaviourProcessor
[AddForce] NetworkBehaviourProcessor
[Ball] NetworkBehaviourProcessor
[Player] NetworkBehaviourProcessor
[MatchController] NetworkBehaviourProcessor
[PhysicsCollision] NetworkBehaviourProcessor
[PlayerController] NetworkBehaviourProcessor
[PlayerScore] NetworkBehaviourProcessor
[RandomColor] NetworkBehaviourProcessor
[Reward] NetworkBehaviourProcessor
[Player] NetworkBehaviourProcessor
[MonsterMovement] NetworkBehaviourProcessor
[PlayerMovement] NetworkBehaviourProcessor
[Player] NetworkBehaviourProcessor
[PlayerController] NetworkBehaviourProcessor
[RandomColor] NetworkBehaviourProcessor
[ShootingTankBehaviour] NetworkBehaviourProcessor
Weave behaviours and messages took33 milliseconds
  ProcessSitesModule Mirror.Examples.dll elapsed time:00:00:00.0019985
Find all reader and writers took 83 milliseconds
Script Module: Unity.RenderPipelines.Universal.Runtime.dll
Weave behaviours and messages took55 milliseconds
Find all reader and writers took 65 milliseconds
Script Module: Mirror.Components.dll
[NetworkAnimator] NetworkBehaviourProcessor
[NetworkRoomPlayer] NetworkBehaviourProcessor
[NetworkLobbyPlayer] NetworkBehaviourProcessor
[NetworkVisibility] NetworkBehaviourProcessor
[NetworkVisibility] Found NetworkBehaviour Mirror.NetworkVisibility
[NetworkVisibility] Process Start
[NetworkVisibility]   GenerateSerialization
[NetworkVisibility]   GenerateDeSerialization
[NetworkVisibility] Process Done
[NetworkMatchChecker] NetworkBehaviourProcessor
[NetworkVisibility] NetworkBehaviourProcessor
[NetworkProximityChecker] NetworkBehaviourProcessor
[NetworkRoomPlayer] NetworkBehaviourProcessor
[NetworkVisibility] NetworkBehaviourProcessor
[NetworkSceneChecker] NetworkBehaviourProcessor
[NetworkTransformBase] NetworkBehaviourProcessor
[NetworkTransform] NetworkBehaviourProcessor
[NetworkTransformBase] NetworkBehaviourProcessor
[NetworkTransformBase] NetworkBehaviourProcessor
[NetworkTransformChild] NetworkBehaviourProcessor
[NetworkLerpRigidbody] NetworkBehaviourProcessor
[NetworkRigidbody] NetworkBehaviourProcessor
[NetworkRigidbody2D] NetworkBehaviourProcessor
[NetworkTransformBase] NetworkBehaviourProcessor
[NetworkTransform] NetworkBehaviourProcessor
[NetworkTransformBase] NetworkBehaviourProcessor
[NetworkTransformBase] NetworkBehaviourProcessor
[NetworkTransformChild] NetworkBehaviourProcessor
Weave behaviours and messages took42 milliseconds
  ProcessSitesModule Mirror.Components.dll elapsed time:00:00:00.0020012
Find all reader and writers took 76 milliseconds
Script Module: Unity.TextMeshPro.dll
Weave behaviours and messages took73 milliseconds
Find all reader and writers took 49 milliseconds
Script Module: Unity.ProBuilder.Poly2Tri.dll
Weave behaviours and messages took5 milliseconds
Find all reader and writers took 68 milliseconds
Script Module: Unity.Timeline.dll
Weave behaviours and messages took30 milliseconds
Find all reader and writers took 62 milliseconds
Script Module: Unity.ProBuilder.dll
Weave behaviours and messages took79 milliseconds
Find all reader and writers took 60 milliseconds
Script Module: Telepathy.dll
Weave behaviours and messages took2 milliseconds
Find all reader and writers took 61 milliseconds
Script Module: Unity.ProBuilder.Csg.dll
Weave behaviours and messages took4 milliseconds
Find all reader and writers took 66 milliseconds
Script Module: Mirror.Cloud.dll
Weave behaviours and messages took2 milliseconds
Find all reader and writers took 56 milliseconds
Script Module: kcp2k.dll
Weave behaviours and messages took3 milliseconds
Find all reader and writers took 61 milliseconds
Script Module: Mirror.Examples.Cloud.GUI.dll
Weave behaviours and messages took2 milliseconds
Find all reader and writers took 64 milliseconds
Script Module: Mirror.Examples.Cloud.Pong.dll
[Ball] NetworkBehaviourProcessor
[BallManager] NetworkBehaviourProcessor
[Player] NetworkBehaviourProcessor
Weave behaviours and messages took18 milliseconds
  ProcessSitesModule Mirror.Examples.Cloud.Pong.dll elapsed time:00:00:00
Find all reader and writers took 59 milliseconds
Script Module: Unity.ProBuilder.KdTree.dll
Weave behaviours and messages took2 milliseconds
Find all reader and writers took 59 milliseconds
Script Module: Unity.RenderPipelines.Core.ShaderLibrary.dll
Weave behaviours and messages took0 milliseconds
Find all reader and writers took 65 milliseconds
Script Module: Unity.RenderPipeline.Universal.ShaderLibrary.dll
Weave behaviours and messages took0 milliseconds
Find all reader and writers took 73 milliseconds
Script Module: Mirror.Authenticators.dll
Weave behaviours and messages took23 milliseconds
  ProcessSitesModule Mirror.Authenticators.dll elapsed time:00:00:00.0009996
Find all reader and writers took 58 milliseconds
Script Module: Unity.ProBuilder.Stl.dll
Weave behaviours and messages took1 milliseconds
Find all reader and writers took 71 milliseconds
Script Module: Unity.RenderPipelines.Universal.Shaders.dll
Weave behaviours and messages took0 milliseconds
Find all reader and writers took 61 milliseconds
Script Module: Unity.RenderPipelines.ShaderGraph.ShaderGraphLibrary.dll
Weave behaviours and messages took0 milliseconds
Find all reader and writers took 82 milliseconds
Script Module: UnityEditor.TestRunner.dll
Weave behaviours and messages took35 milliseconds
Find all reader and writers took 81 milliseconds
Script Module: Unity.ProBuilder.AssetIdRemapUtility.dll
Weave behaviours and messages took3 milliseconds
Find all reader and writers took 52 milliseconds
Script Module: Mirror.CompilerSymbols.dll
Weave behaviours and messages took1 milliseconds
Find all reader and writers took 94 milliseconds
Script Module: UnityEditor.UI.dll
Weave behaviours and messages took17 milliseconds
Find all reader and writers took 64 milliseconds
Script Module: Unity.ShaderGraph.Utilities.dll
Weave behaviours and messages took4 milliseconds
Mono: successfully reloaded assembly
- Completed reload, in  8.066 seconds
Platform modules already initialized, skipping
========================================================================
Worker process is ready to serve import requests
Shader 'Universal Render Pipeline/Particles/Lit': fallback shader 'Universal Render Pipeline/Particles/SimpleLit' not found
Launched and connected shader compiler UnityShaderCompiler.exe after 0.05 seconds
Refreshing native plugins compatible for Editor in 0.79 ms, found 0 plugins.
Preloading 0 native plugins for Editor in 0.00 ms.
Unloading 3187 Unused Serialized files (Serialized files now loaded: 0)
System memory in use before: 177.2 MB.
System memory in use after: 177.4 MB.

Unloading 104 unused Assets to reduce memory usage. Loaded Objects now: 3629.
Total: 4.394700 ms (FindLiveObjects: 0.327300 ms CreateObjectMapping: 0.156700 ms MarkObjects: 3.601300 ms  DeleteObjects: 0.307900 ms)

========================================================================
Received Import Request.
  path: Assets/PreFab/GUMBALL.prefab
  artifactKey: Guid(b473bf0354c74d34781dfa88ba452056) Importer(815301076,1909f56bfc062723c751e8b465ee728b)
Start importing Assets/PreFab/GUMBALL.prefab using Guid(b473bf0354c74d34781dfa88ba452056) Importer(815301076,1909f56bfc062723c751e8b465ee728b)  -> (artifact id: '4c78ae763ab344799f481aa37783a456') in 0.214351 seconds
  Import took 0.221754 seconds .

========================================================================
Received Prepare
Registering precompiled user dll's ...
Registered in 0.003796 seconds.
Begin MonoManager ReloadAssembly
Native extension for LinuxStandalone target not found
Native extension for WindowsStandalone target not found
Native extension for OSXStandalone target not found
Native extension for WebGL target not found
Refreshing native plugins compatible for Editor in 0.64 ms, found 0 plugins.
Preloading 0 native plugins for Editor in 0.00 ms.
Warning: Annotation not found!
UnityEngine.StackTraceUtility:ExtractStackTrace ()
UnityEditor.ProBuilder.EditorUtility:SetGizmoIconEnabled (System.Type,bool) (at Library/PackageCache/com.unity.probuilder@4.4.0/Editor/EditorCore/EditorUtility.cs:593)
UnityEditor.ProBuilder.HierarchyListener:.cctor () (at Library/PackageCache/com.unity.probuilder@4.4.0/Editor/EditorCore/HierarchyListener.cs:21)
System.Runtime.CompilerServices.RuntimeHelpers:RunClassConstructor (System.RuntimeTypeHandle)
UnityEditor.EditorAssemblies:ProcessInitializeOnLoadAttributes (System.Type[])

[Library/PackageCache/com.unity.probuilder@4.4.0/Editor/EditorCore/EditorUtility.cs line 593]

Invoked RoslynAnalysisRunner static constructor.
RoslynAnalysisRunner will not be running.
RoslynAnalysisRunner has terminated.
Mono: successfully reloaded assembly
- Completed reload, in  0.956 seconds
Platform modules already initialized, skipping
Shader 'Universal Render Pipeline/Particles/Lit': fallback shader 'Universal Render Pipeline/Particles/SimpleLit' not found
Refreshing native plugins compatible for Editor in 0.64 ms, found 0 plugins.
Preloading 0 native plugins for Editor in 0.00 ms.
Unloading 2991 Unused Serialized files (Serialized files now loaded: 0)
System memory in use before: 175.1 MB.
System memory in use after: 175.3 MB.

Unloading 15 unused Assets to reduce memory usage. Loaded Objects now: 3682.
Total: 6.035500 ms (FindLiveObjects: 0.714100 ms CreateObjectMapping: 0.520400 ms MarkObjects: 4.645500 ms  DeleteObjects: 0.153900 ms)

========================================================================
Received Prepare
Registering precompiled user dll's ...
Registered in 0.004024 seconds.
Begin MonoManager ReloadAssembly
Native extension for LinuxStandalone target not found
Native extension for WindowsStandalone target not found
Native extension for OSXStandalone target not found
Native extension for WebGL target not found
Refreshing native plugins compatible for Editor in 1.45 ms, found 0 plugins.
Preloading 0 native plugins for Editor in 0.00 ms.
Warning: Annotation not found!
UnityEngine.StackTraceUtility:ExtractStackTrace ()
UnityEditor.ProBuilder.EditorUtility:SetGizmoIconEnabled (System.Type,bool) (at Library/PackageCache/com.unity.probuilder@4.4.0/Editor/EditorCore/EditorUtility.cs:593)
UnityEditor.ProBuilder.HierarchyListener:.cctor () (at Library/PackageCache/com.unity.probuilder@4.4.0/Editor/EditorCore/HierarchyListener.cs:21)
System.Runtime.CompilerServices.RuntimeHelpers:RunClassConstructor (System.RuntimeTypeHandle)
UnityEditor.EditorAssemblies:ProcessInitializeOnLoadAttributes (System.Type[])

[Library/PackageCache/com.unity.probuilder@4.4.0/Editor/EditorCore/EditorUtility.cs line 593]

Invoked RoslynAnalysisRunner static constructor.
RoslynAnalysisRunner will not be running.
RoslynAnalysisRunner has terminated.
Mono: successfully reloaded assembly
- Completed reload, in  1.235 seconds
Platform modules already initialized, skipping
Shader 'Universal Render Pipeline/Particles/Lit': fallback shader 'Universal Render Pipeline/Particles/SimpleLit' not found
Refreshing native plugins compatible for Editor in 0.89 ms, found 0 plugins.
Preloading 0 native plugins for Editor in 0.00 ms.
Unloading 2991 Unused Serialized files (Serialized files now loaded: 0)
System memory in use before: 175.2 MB.
System memory in use after: 175.4 MB.

Unloading 15 unused Assets to reduce memory usage. Loaded Objects now: 3685.
Total: 3.457300 ms (FindLiveObjects: 0.616300 ms CreateObjectMapping: 0.275600 ms MarkObjects: 2.472000 ms  DeleteObjects: 0.091500 ms)

========================================================================
Received Import Request.
  Time since last request: 59.323873 seconds.
  path: Assets/PreFab/GUMBALL.prefab
  artifactKey: Guid(b473bf0354c74d34781dfa88ba452056) Importer(815301076,1909f56bfc062723c751e8b465ee728b)
Start importing Assets/PreFab/GUMBALL.prefab using Guid(b473bf0354c74d34781dfa88ba452056) Importer(815301076,1909f56bfc062723c751e8b465ee728b)  -> (artifact id: 'e7b4c7ddc24df4b71b076df42acfa7cb') in 0.235777 seconds
  Import took 0.245583 seconds .

========================================================================
Received Import Request.
  Time since last request: 0.759656 seconds.
  path: Assets/PreFab/GUMBALL.prefab
  artifactKey: Guid(b473bf0354c74d34781dfa88ba452056) Importer(815301076,1909f56bfc062723c751e8b465ee728b)
Start importing Assets/PreFab/GUMBALL.prefab using Guid(b473bf0354c74d34781dfa88ba452056) Importer(815301076,1909f56bfc062723c751e8b465ee728b)  -> (artifact id: '9104ec4a013e086add7009c49098a3b7') in 0.014247 seconds
  Import took 0.019934 seconds .

========================================================================
Received Import Request.
  Time since last request: 0.803512 seconds.
  path: Assets/PreFab/GUMBALL.prefab
  artifactKey: Guid(b473bf0354c74d34781dfa88ba452056) Importer(815301076,1909f56bfc062723c751e8b465ee728b)
Start importing Assets/PreFab/GUMBALL.prefab using Guid(b473bf0354c74d34781dfa88ba452056) Importer(815301076,1909f56bfc062723c751e8b465ee728b)  -> (artifact id: '4c3214003d5c3484e5893e1a0fcfb5ef') in 0.015269 seconds
  Import took 0.021654 seconds .

========================================================================
Received Import Request.
  Time since last request: 0.654114 seconds.
  path: Assets/PreFab/GUMBALL.prefab
  artifactKey: Guid(b473bf0354c74d34781dfa88ba452056) Importer(815301076,1909f56bfc062723c751e8b465ee728b)
Start importing Assets/PreFab/GUMBALL.prefab using Guid(b473bf0354c74d34781dfa88ba452056) Importer(815301076,1909f56bfc062723c751e8b465ee728b)  -> (artifact id: 'b2173a4fe8b1b361967c3522c5d2f857') in 0.014080 seconds
  Import took 0.019305 seconds .

========================================================================
Received Import Request.
  Time since last request: 0.823001 seconds.
  path: Assets/PreFab/GUMBALL.prefab
  artifactKey: Guid(b473bf0354c74d34781dfa88ba452056) Importer(815301076,1909f56bfc062723c751e8b465ee728b)
Start importing Assets/PreFab/GUMBALL.prefab using Guid(b473bf0354c74d34781dfa88ba452056) Importer(815301076,1909f56bfc062723c751e8b465ee728b)  -> (artifact id: 'a3ee7e7a3df0e5b5456da8a656c0501a') in 0.012725 seconds
  Import took 0.018833 seconds .

========================================================================
Received Prepare
Registering precompiled user dll's ...
Registered in 0.004116 seconds.
Begin MonoManager ReloadAssembly
Native extension for LinuxStandalone target not found
Native extension for WindowsStandalone target not found
Native extension for OSXStandalone target not found
Native extension for WebGL target not found
Refreshing native plugins compatible for Editor in 0.71 ms, found 0 plugins.
Preloading 0 native plugins for Editor in 0.00 ms.
Warning: Annotation not found!
UnityEngine.StackTraceUtility:ExtractStackTrace ()
UnityEditor.ProBuilder.EditorUtility:SetGizmoIconEnabled (System.Type,bool) (at Library/PackageCache/com.unity.probuilder@4.4.0/Editor/EditorCore/EditorUtility.cs:593)
UnityEditor.ProBuilder.HierarchyListener:.cctor () (at Library/PackageCache/com.unity.probuilder@4.4.0/Editor/EditorCore/HierarchyListener.cs:21)
System.Runtime.CompilerServices.RuntimeHelpers:RunClassConstructor (System.RuntimeTypeHandle)
UnityEditor.EditorAssemblies:ProcessInitializeOnLoadAttributes (System.Type[])

[Library/PackageCache/com.unity.probuilder@4.4.0/Editor/EditorCore/EditorUtility.cs line 593]

Invoked RoslynAnalysisRunner static constructor.
RoslynAnalysisRunner will not be running.
RoslynAnalysisRunner has terminated.
Mono: successfully reloaded assembly
- Completed reload, in  0.987 seconds
Platform modules already initialized, skipping
Shader 'Universal Render Pipeline/Particles/Lit': fallback shader 'Universal Render Pipeline/Particles/SimpleLit' not found
